request to https://fonts.googleapis.com/css2?family=PT+Sans:wght@400;700&display=swap failed, reason: connect EACCES 142.251.127.95:443

Retrying 1/3...
request to https://fonts.googleapis.com/css2?family=Cormorant+Garamond:wght@600;700&display=swap failed, reason: connect EACCES 142.251.127.95:443

Retrying 1/3...
request to https://fonts.googleapis.com/css2?family=PT+Sans:wght@400;700&display=swap failed, reason: connect EACCES 142.251.127.95:443

Retrying 2/3...
request to https://fonts.googleapis.com/css2?family=Cormorant+Garamond:wght@600;700&display=swap failed, reason: connect EACCES 142.251.127.95:443

Retrying 2/3...
request to https://fonts.googleapis.com/css2?family=PT+Sans:wght@400;700&display=swap failed, reason: connect EACCES 142.251.127.95:443

Retrying 3/3...
request to https://fonts.googleapis.com/css2?family=Cormorant+Garamond:wght@600;700&display=swap failed, reason: connect EACCES 142.251.127.95:443

Retrying 3/3...
FetchError: request to https://fonts.googleapis.com/css2?family=PT+Sans:wght@400;700&display=swap failed, reason: connect EACCES 142.251.127.95:443
    at ClientRequest.<anonymous> (G:\HistoryProject\node_modules\next\dist\compiled\node-fetch\index.js:1:66160)
    at ClientRequest.emit (node:events:508:28)
    at emitErrorEvent (node:_http_client:108:11)
    at TLSSocket.socketErrorListener (node:_http_client:575:5)
    at TLSSocket.emit (node:events:508:28)
    at emitErrorNT (node:internal/streams/destroy:170:8)
    at emitErrorCloseNT (node:internal/streams/destroy:129:3)
    at process.processTicksAndRejections (node:internal/process/task_queues:90:21) {
  type: 'system',
  errno: 'EACCES',
  code: 'EACCES'
}
 ⨯ Failed to download `PT Sans` from Google Fonts. Using fallback font instead.

Failed to fetch `PT Sans` from Google Fonts.}
FetchError: request to https://fonts.googleapis.com/css2?family=Cormorant+Garamond:wght@600;700&display=swap failed, reason: connect EACCES 142.251.127.95:443
    at ClientRequest.<anonymous> (G:\HistoryProject\node_modules\next\dist\compiled\node-fetch\index.js:1:66160)
    at ClientRequest.emit (node:events:508:28)
    at emitErrorEvent (node:_http_client:108:11)
    at TLSSocket.socketErrorListener (node:_http_client:575:5)
    at TLSSocket.emit (node:events:508:28)
    at emitErrorNT (node:internal/streams/destroy:170:8)
    at emitErrorCloseNT (node:internal/streams/destroy:129:3)
    at process.processTicksAndRejections (node:internal/process/task_queues:90:21) {
  type: 'system',
  errno: 'EACCES',
  code: 'EACCES'
}
 ⨯ Failed to download `Cormorant Garamond` from Google Fonts. Using fallback font instead.

Failed to fetch `Cormorant Garamond` from Google Fonts.}
